Using pre-set license
Built from '2020.2/release' branch; Version is '2020.2.1f1 (270dd8c3da1c) revision 2559448'; Using compiler version '192528614'; Build Type 'Release'
OS: 'Windows 10  (10.0.0) 64bit' Language: 'en' Physical Memory: 8047 MB
BatchMode: 1, IsHumanControllingUs: 0, StartBugReporterOnCrash: 0, Is64bit: 1, IsPro: 0

 COMMAND LINE ARGUMENTS:
C:\Program Files\Unity\Hub\Editor\2020.2.1f1\Editor\Unity.exe
-adb2
-batchMode
-noUpm
-name
AssetImportWorker0
-projectPath
D:/Unity Projects/LD 49 - Runstable
-logFile
Logs/AssetImportWorker0.log
-srvPort
55304
Successfully changed project path to: D:/Unity Projects/LD 49 - Runstable
D:/Unity Projects/LD 49 - Runstable
Using Asset Import Pipeline V2.
Refreshing native plugins compatible for Editor in 23.39 ms, found 0 plugins.
Preloading 0 native plugins for Editor in 0.00 ms.
Initialize engine version: 2020.2.1f1 (270dd8c3da1c)
[Subsystems] Discovering subsystems at path C:/Program Files/Unity/Hub/Editor/2020.2.1f1/Editor/Data/Resources/UnitySubsystems
[Subsystems] Discovering subsystems at path D:/Unity Projects/LD 49 - Runstable/Assets
GfxDevice: creating device client; threaded=0
Direct3D:
    Version:  Direct3D 11.0 [level 11.1]
    Renderer: NVIDIA GeForce GTX 1050 Ti (ID=0x1c8c)
    Vendor:   
    VRAM:     4021 MB
    Driver:   25.21.14.2546
Initialize mono
Mono path[0] = 'C:/Program Files/Unity/Hub/Editor/2020.2.1f1/Editor/Data/Managed'
Mono path[1] = 'C:/Program Files/Unity/Hub/Editor/2020.2.1f1/Editor/Data/MonoBleedingEdge/lib/mono/unityjit'
Mono config path = 'C:/Program Files/Unity/Hub/Editor/2020.2.1f1/Editor/Data/MonoBleedingEdge/etc'
Using monoOptions --debugger-agent=transport=dt_socket,embedding=1,server=y,suspend=n,address=127.0.0.1:56564
Begin MonoManager ReloadAssembly
Registering precompiled unity dll's ...
Register platform support module: C:/Program Files/Unity/Hub/Editor/2020.2.1f1/Editor/Data/PlaybackEngines/WebGLSupport/UnityEditor.WebGL.Extensions.dll
Register platform support module: C:/Program Files/Unity/Hub/Editor/2020.2.1f1/Editor/Data/PlaybackEngines/WindowsStandaloneSupport/UnityEditor.WindowsStandalone.Extensions.dll
Registered in 0.003158 seconds.
Native extension for WindowsStandalone target not found
Native extension for WebGL target not found
Refreshing native plugins compatible for Editor in 22.05 ms, found 0 plugins.
Preloading 0 native plugins for Editor in 0.00 ms.
Invoked RoslynAnalysisRunner static constructor.
RoslynAnalysisRunner will not be running.
RoslynAnalysisRunner has terminated.
Mono: successfully reloaded assembly
- Completed reload, in  1.394 seconds
Platform modules already initialized, skipping
Registering precompiled user dll's ...
Registered in 0.000751 seconds.
Begin MonoManager ReloadAssembly
Native extension for WindowsStandalone target not found
Native extension for WebGL target not found
Refreshing native plugins compatible for Editor in 0.20 ms, found 0 plugins.
Preloading 0 native plugins for Editor in 0.00 ms.
Invoked RoslynAnalysisRunner static constructor.
RoslynAnalysisRunner will not be running.
RoslynAnalysisRunner has terminated.
Mono: successfully reloaded assembly
- Completed reload, in  0.820 seconds
Platform modules already initialized, skipping
========================================================================
Worker process is ready to serve import requests
Launched and connected shader compiler UnityShaderCompiler.exe after 0.06 seconds
Refreshing native plugins compatible for Editor in 0.55 ms, found 0 plugins.
Preloading 0 native plugins for Editor in 0.00 ms.
Unloading 1135 Unused Serialized files (Serialized files now loaded: 0)
System memory in use before: 60.8 MB.
System memory in use after: 60.9 MB.

Unloading 10 unused Assets to reduce memory usage. Loaded Objects now: 1579.
Total: 1.642200 ms (FindLiveObjects: 0.137500 ms CreateObjectMapping: 0.040200 ms MarkObjects: 1.397700 ms  DeleteObjects: 0.065400 ms)

========================================================================
Received Import Request.
  path: Assets/Materials/Textures/Tutorial4.png
  artifactKey: Guid(d01dfb5e6c7c7764a8e13c0300ee6a15) Importer(815301076,1909f56bfc062723c751e8b465ee728b)
Start importing Assets/Materials/Textures/Tutorial4.png using Guid(d01dfb5e6c7c7764a8e13c0300ee6a15) Importer(815301076,1909f56bfc062723c751e8b465ee728b)  -> (artifact id: '346b4d2244726d3a24557bc87cdc01ba') in 0.111491 seconds
  Import took 0.140867 seconds .

========================================================================
Received Import Request.
  Time since last request: 0.000714 seconds.
  path: Assets/Materials/Textures/RunnableWall.png
  artifactKey: Guid(8b5f0005fa83f874c8dfbadde7d3dd70) Importer(815301076,1909f56bfc062723c751e8b465ee728b)
Start importing Assets/Materials/Textures/RunnableWall.png using Guid(8b5f0005fa83f874c8dfbadde7d3dd70) Importer(815301076,1909f56bfc062723c751e8b465ee728b)  -> (artifact id: 'e9753fa427febec8f310e9da8231bb45') in 0.106115 seconds
  Import took 0.121775 seconds .

========================================================================
Received Import Request.
  Time since last request: 0.000324 seconds.
  path: Assets/Materials/Textures/Tutorial3.png
  artifactKey: Guid(c982c9875ea751244a424c2a20e6778e) Importer(815301076,1909f56bfc062723c751e8b465ee728b)
Start importing Assets/Materials/Textures/Tutorial3.png using Guid(c982c9875ea751244a424c2a20e6778e) Importer(815301076,1909f56bfc062723c751e8b465ee728b)  -> (artifact id: '9cca11520418f7d5977c517d664e23d2') in 0.028812 seconds
  Import took 0.055736 seconds .

========================================================================
Received Import Request.
  Time since last request: 0.000323 seconds.
  path: Assets/Materials/Textures/placeholder.png
  artifactKey: Guid(9699b3c835c511548831c038fb75f706) Importer(815301076,1909f56bfc062723c751e8b465ee728b)
Start importing Assets/Materials/Textures/placeholder.png using Guid(9699b3c835c511548831c038fb75f706) Importer(815301076,1909f56bfc062723c751e8b465ee728b)  -> (artifact id: '3b0dd0f7ff3ca05f6f66d0734cf7a3e7') in 0.070399 seconds
  Import took 0.072656 seconds .

========================================================================
Received Import Request.
  Time since last request: 0.000299 seconds.
  path: Assets/Materials/Textures/Tutorial1.png
  artifactKey: Guid(7ec271bdbc7a8e047bca37c029b0cfb1) Importer(815301076,1909f56bfc062723c751e8b465ee728b)
Start importing Assets/Materials/Textures/Tutorial1.png using Guid(7ec271bdbc7a8e047bca37c029b0cfb1) Importer(815301076,1909f56bfc062723c751e8b465ee728b)  -> (artifact id: '00d9bd77531e939e3365ba08abfcf970') in 0.012469 seconds
  Import took 0.029186 seconds .

========================================================================
Received Import Request.
  Time since last request: 0.000293 seconds.
  path: Assets/Materials/Textures/Tutorial2.png
  artifactKey: Guid(6ec95a6b969491747a02f8f86281b94a) Importer(815301076,1909f56bfc062723c751e8b465ee728b)
Start importing Assets/Materials/Textures/Tutorial2.png using Guid(6ec95a6b969491747a02f8f86281b94a) Importer(815301076,1909f56bfc062723c751e8b465ee728b)  -> (artifact id: '6061e33c45defee0860f18e204c49b3a') in 0.048717 seconds
  Import took 0.074246 seconds .

========================================================================
Received Prepare
Refreshing native plugins compatible for Editor in 0.74 ms, found 0 plugins.
Preloading 0 native plugins for Editor in 0.00 ms.
Unloading 3 Unused Serialized files (Serialized files now loaded: 0)
System memory in use before: 38.6 MB.
System memory in use after: 38.7 MB.

Unloading 3 unused Assets to reduce memory usage. Loaded Objects now: 1581.
Total: 2.009700 ms (FindLiveObjects: 0.194300 ms CreateObjectMapping: 0.058600 ms MarkObjects: 1.713000 ms  DeleteObjects: 0.042500 ms)

========================================================================
Received Import Request.
  Time since last request: 494.637233 seconds.
  path: Assets/Audio/BGM1.ogg
  artifactKey: Guid(0e7e0ccf971749f428bcae893e829c7e) Importer(815301076,1909f56bfc062723c751e8b465ee728b)
Start importing Assets/Audio/BGM1.ogg using Guid(0e7e0ccf971749f428bcae893e829c7e) Importer(815301076,1909f56bfc062723c751e8b465ee728b)  -> (artifact id: '987a1030dc3f120f680f5e5ad6405bbf') in 0.137539 seconds
  Import took 0.176447 seconds .

========================================================================
Received Import Request.
  Time since last request: 0.000321 seconds.
  path: Assets/Audio/BGM2.ogg
  artifactKey: Guid(2fffbe73e61afd54b8ad228c21a23e96) Importer(815301076,1909f56bfc062723c751e8b465ee728b)
Start importing Assets/Audio/BGM2.ogg using Guid(2fffbe73e61afd54b8ad228c21a23e96) Importer(815301076,1909f56bfc062723c751e8b465ee728b)  -> (artifact id: 'd67b5cdbeba2a6609eb74b5d35a6ab6c') in 0.052331 seconds
  Import took 0.102361 seconds .

========================================================================
Received Prepare
Refreshing native plugins compatible for Editor in 0.74 ms, found 0 plugins.
Preloading 0 native plugins for Editor in 0.00 ms.
Unloading 3 Unused Serialized files (Serialized files now loaded: 0)
System memory in use before: 41.8 MB.
System memory in use after: 41.9 MB.

Unloading 3 unused Assets to reduce memory usage. Loaded Objects now: 1589.
Total: 2.911700 ms (FindLiveObjects: 0.132000 ms CreateObjectMapping: 0.049000 ms MarkObjects: 2.680400 ms  DeleteObjects: 0.049100 ms)

========================================================================
Received Prepare
Refreshing native plugins compatible for Editor in 0.73 ms, found 0 plugins.
Preloading 0 native plugins for Editor in 0.00 ms.
Unloading 3 Unused Serialized files (Serialized files now loaded: 0)
System memory in use before: 41.8 MB.
System memory in use after: 41.9 MB.

Unloading 3 unused Assets to reduce memory usage. Loaded Objects now: 1589.
Total: 3.237400 ms (FindLiveObjects: 0.327300 ms CreateObjectMapping: 0.095800 ms MarkObjects: 2.741600 ms  DeleteObjects: 0.069200 ms)

========================================================================
Received Prepare
Refreshing native plugins compatible for Editor in 0.81 ms, found 0 plugins.
Preloading 0 native plugins for Editor in 0.00 ms.
Unloading 3 Unused Serialized files (Serialized files now loaded: 0)
System memory in use before: 41.8 MB.
System memory in use after: 41.9 MB.

Unloading 3 unused Assets to reduce memory usage. Loaded Objects now: 1589.
Total: 2.664400 ms (FindLiveObjects: 0.128400 ms CreateObjectMapping: 0.037000 ms MarkObjects: 2.442900 ms  DeleteObjects: 0.054400 ms)

========================================================================
Received Prepare
Refreshing native plugins compatible for Editor in 0.83 ms, found 0 plugins.
Preloading 0 native plugins for Editor in 0.00 ms.
Unloading 3 Unused Serialized files (Serialized files now loaded: 0)
System memory in use before: 41.8 MB.
System memory in use after: 41.9 MB.

Unloading 3 unused Assets to reduce memory usage. Loaded Objects now: 1589.
Total: 3.333900 ms (FindLiveObjects: 0.279400 ms CreateObjectMapping: 0.047200 ms MarkObjects: 2.935700 ms  DeleteObjects: 0.069700 ms)

========================================================================
Received Prepare
Registering precompiled user dll's ...
Registered in 0.000760 seconds.
Begin MonoManager ReloadAssembly
Native extension for WindowsStandalone target not found
Native extension for WebGL target not found
Refreshing native plugins compatible for Editor in 0.24 ms, found 0 plugins.
Preloading 0 native plugins for Editor in 0.00 ms.
Invoked RoslynAnalysisRunner static constructor.
RoslynAnalysisRunner will not be running.
RoslynAnalysisRunner has terminated.
Mono: successfully reloaded assembly
- Completed reload, in  0.883 seconds
Platform modules already initialized, skipping
Refreshing native plugins compatible for Editor in 0.21 ms, found 0 plugins.
Preloading 0 native plugins for Editor in 0.00 ms.
Unloading 1120 Unused Serialized files (Serialized files now loaded: 0)
System memory in use before: 64.0 MB.
System memory in use after: 64.1 MB.

Unloading 5 unused Assets to reduce memory usage. Loaded Objects now: 1591.
Total: 1.827700 ms (FindLiveObjects: 0.161600 ms CreateObjectMapping: 0.040300 ms MarkObjects: 1.561900 ms  DeleteObjects: 0.063000 ms)

========================================================================
Received Prepare
Refreshing native plugins compatible for Editor in 0.70 ms, found 0 plugins.
Preloading 0 native plugins for Editor in 0.00 ms.
Unloading 3 Unused Serialized files (Serialized files now loaded: 0)
System memory in use before: 41.8 MB.
System memory in use after: 41.9 MB.

Unloading 3 unused Assets to reduce memory usage. Loaded Objects now: 1591.
Total: 1.640800 ms (FindLiveObjects: 0.207700 ms CreateObjectMapping: 0.060600 ms MarkObjects: 1.329500 ms  DeleteObjects: 0.041900 ms)

========================================================================
Received Prepare
Refreshing native plugins compatible for Editor in 0.92 ms, found 0 plugins.
Preloading 0 native plugins for Editor in 0.00 ms.
Unloading 3 Unused Serialized files (Serialized files now loaded: 0)
System memory in use before: 41.8 MB.
System memory in use after: 41.9 MB.

Unloading 3 unused Assets to reduce memory usage. Loaded Objects now: 1591.
Total: 2.259400 ms (FindLiveObjects: 0.155700 ms CreateObjectMapping: 0.036300 ms MarkObjects: 2.018100 ms  DeleteObjects: 0.047700 ms)

========================================================================
Received Prepare
Registering precompiled user dll's ...
Registered in 0.000759 seconds.
Begin MonoManager ReloadAssembly
Native extension for WindowsStandalone target not found
Native extension for WebGL target not found
Refreshing native plugins compatible for Editor in 0.29 ms, found 0 plugins.
Preloading 0 native plugins for Editor in 0.00 ms.
Invoked RoslynAnalysisRunner static constructor.
RoslynAnalysisRunner will not be running.
RoslynAnalysisRunner has terminated.
Mono: successfully reloaded assembly
- Completed reload, in  0.810 seconds
Platform modules already initialized, skipping
Refreshing native plugins compatible for Editor in 0.20 ms, found 0 plugins.
Preloading 0 native plugins for Editor in 0.00 ms.
Unloading 1120 Unused Serialized files (Serialized files now loaded: 0)
System memory in use before: 64.0 MB.
System memory in use after: 64.1 MB.

Unloading 5 unused Assets to reduce memory usage. Loaded Objects now: 1593.
Total: 2.005500 ms (FindLiveObjects: 0.272300 ms CreateObjectMapping: 0.075800 ms MarkObjects: 1.604100 ms  DeleteObjects: 0.051400 ms)

========================================================================
Received Prepare
Refreshing native plugins compatible for Editor in 0.71 ms, found 0 plugins.
Preloading 0 native plugins for Editor in 0.00 ms.
Unloading 3 Unused Serialized files (Serialized files now loaded: 0)
System memory in use before: 41.9 MB.
System memory in use after: 42.0 MB.

Unloading 3 unused Assets to reduce memory usage. Loaded Objects now: 1593.
Total: 1.656400 ms (FindLiveObjects: 0.146300 ms CreateObjectMapping: 0.038400 ms MarkObjects: 1.426700 ms  DeleteObjects: 0.043500 ms)

========================================================================
Received Prepare
Refreshing native plugins compatible for Editor in 0.77 ms, found 0 plugins.
Preloading 0 native plugins for Editor in 0.00 ms.
Unloading 3 Unused Serialized files (Serialized files now loaded: 0)
System memory in use before: 41.9 MB.
System memory in use after: 42.0 MB.

Unloading 3 unused Assets to reduce memory usage. Loaded Objects now: 1593.
Total: 3.421200 ms (FindLiveObjects: 0.329000 ms CreateObjectMapping: 0.099800 ms MarkObjects: 2.903900 ms  DeleteObjects: 0.086300 ms)

AssetImportWorkerClient::OnTransportError - code=2 error=End of file
