Using pre-set license
Built from '2020.2/release' branch; Version is '2020.2.1f1 (270dd8c3da1c) revision 2559448'; Using compiler version '192528614'; Build Type 'Release'
OS: 'Windows 10  (10.0.0) 64bit' Language: 'en' Physical Memory: 8047 MB
BatchMode: 1, IsHumanControllingUs: 0, StartBugReporterOnCrash: 0, Is64bit: 1, IsPro: 0

 COMMAND LINE ARGUMENTS:
C:\Program Files\Unity\Hub\Editor\2020.2.1f1\Editor\Unity.exe
-adb2
-batchMode
-noUpm
-name
AssetImportWorker0
-projectPath
D:/Unity Projects/LD 49 - Runstable
-logFile
Logs/AssetImportWorker0.log
-srvPort
59270
Successfully changed project path to: D:/Unity Projects/LD 49 - Runstable
D:/Unity Projects/LD 49 - Runstable
Using Asset Import Pipeline V2.
Refreshing native plugins compatible for Editor in 25.57 ms, found 0 plugins.
Preloading 0 native plugins for Editor in 0.00 ms.
Initialize engine version: 2020.2.1f1 (270dd8c3da1c)
[Subsystems] Discovering subsystems at path C:/Program Files/Unity/Hub/Editor/2020.2.1f1/Editor/Data/Resources/UnitySubsystems
[Subsystems] Discovering subsystems at path D:/Unity Projects/LD 49 - Runstable/Assets
GfxDevice: creating device client; threaded=0
Direct3D:
    Version:  Direct3D 11.0 [level 11.1]
    Renderer: NVIDIA GeForce GTX 1050 Ti (ID=0x1c8c)
    Vendor:   
    VRAM:     4021 MB
    Driver:   25.21.14.2546
Initialize mono
Mono path[0] = 'C:/Program Files/Unity/Hub/Editor/2020.2.1f1/Editor/Data/Managed'
Mono path[1] = 'C:/Program Files/Unity/Hub/Editor/2020.2.1f1/Editor/Data/MonoBleedingEdge/lib/mono/unityjit'
Mono config path = 'C:/Program Files/Unity/Hub/Editor/2020.2.1f1/Editor/Data/MonoBleedingEdge/etc'
Using monoOptions --debugger-agent=transport=dt_socket,embedding=1,server=y,suspend=n,address=127.0.0.1:56260
Begin MonoManager ReloadAssembly
Registering precompiled unity dll's ...
Register platform support module: C:/Program Files/Unity/Hub/Editor/2020.2.1f1/Editor/Data/PlaybackEngines/WebGLSupport/UnityEditor.WebGL.Extensions.dll
Register platform support module: C:/Program Files/Unity/Hub/Editor/2020.2.1f1/Editor/Data/PlaybackEngines/WindowsStandaloneSupport/UnityEditor.WindowsStandalone.Extensions.dll
Registered in 0.002937 seconds.
Native extension for WindowsStandalone target not found
Native extension for WebGL target not found
Refreshing native plugins compatible for Editor in 22.13 ms, found 0 plugins.
Preloading 0 native plugins for Editor in 0.00 ms.
Invoked RoslynAnalysisRunner static constructor.
RoslynAnalysisRunner will not be running.
RoslynAnalysisRunner has terminated.
Mono: successfully reloaded assembly
- Completed reload, in  1.395 seconds
Platform modules already initialized, skipping
Registering precompiled user dll's ...
Registered in 0.000713 seconds.
Begin MonoManager ReloadAssembly
Native extension for WindowsStandalone target not found
Native extension for WebGL target not found
Refreshing native plugins compatible for Editor in 0.21 ms, found 0 plugins.
Preloading 0 native plugins for Editor in 0.00 ms.
Invoked RoslynAnalysisRunner static constructor.
RoslynAnalysisRunner will not be running.
RoslynAnalysisRunner has terminated.
Mono: successfully reloaded assembly
- Completed reload, in  0.820 seconds
Platform modules already initialized, skipping
========================================================================
Worker process is ready to serve import requests
Launched and connected shader compiler UnityShaderCompiler.exe after 0.06 seconds
Refreshing native plugins compatible for Editor in 0.21 ms, found 0 plugins.
Preloading 0 native plugins for Editor in 0.00 ms.
Unloading 1135 Unused Serialized files (Serialized files now loaded: 0)
System memory in use before: 60.8 MB.
System memory in use after: 60.9 MB.

Unloading 10 unused Assets to reduce memory usage. Loaded Objects now: 1579.
Total: 1.451500 ms (FindLiveObjects: 0.140900 ms CreateObjectMapping: 0.046100 ms MarkObjects: 1.206300 ms  DeleteObjects: 0.057300 ms)

========================================================================
Received Import Request.
  path: Assets/Materials/Textures/Tutorial3.png
  artifactKey: Guid(c982c9875ea751244a424c2a20e6778e) Importer(815301076,1909f56bfc062723c751e8b465ee728b)
Start importing Assets/Materials/Textures/Tutorial3.png using Guid(c982c9875ea751244a424c2a20e6778e) Importer(815301076,1909f56bfc062723c751e8b465ee728b)  -> (artifact id: '2628d5193e6369d6bbf9a9aa846905da') in 0.174117 seconds
  Import took 0.204759 seconds .

========================================================================
Received Import Request.
  Time since last request: 0.000360 seconds.
  path: Assets/Materials/Textures/Tutorial1.png
  artifactKey: Guid(7ec271bdbc7a8e047bca37c029b0cfb1) Importer(815301076,1909f56bfc062723c751e8b465ee728b)
Start importing Assets/Materials/Textures/Tutorial1.png using Guid(7ec271bdbc7a8e047bca37c029b0cfb1) Importer(815301076,1909f56bfc062723c751e8b465ee728b)  -> (artifact id: '358bf611795c6d9f185cfded35bc6df2') in 0.065295 seconds
  Import took 0.075064 seconds .

========================================================================
Received Import Request.
  Time since last request: 0.000371 seconds.
  path: Assets/Materials/Textures/Tutorial2.png
  artifactKey: Guid(6ec95a6b969491747a02f8f86281b94a) Importer(815301076,1909f56bfc062723c751e8b465ee728b)
Start importing Assets/Materials/Textures/Tutorial2.png using Guid(6ec95a6b969491747a02f8f86281b94a) Importer(815301076,1909f56bfc062723c751e8b465ee728b)  -> (artifact id: 'a72ff0c44028221079ba195369ed7158') in 0.069929 seconds
  Import took 0.096273 seconds .

========================================================================
Received Import Request.
  Time since last request: 1.516627 seconds.
  path: Assets/Materials/Textures/Tutorial4.png
  artifactKey: Guid(d01dfb5e6c7c7764a8e13c0300ee6a15) Importer(815301076,1909f56bfc062723c751e8b465ee728b)
Start importing Assets/Materials/Textures/Tutorial4.png using Guid(d01dfb5e6c7c7764a8e13c0300ee6a15) Importer(815301076,1909f56bfc062723c751e8b465ee728b)  -> (artifact id: 'e6550424eae5920bc2cc7eb79eb3c717') in 0.048588 seconds
  Import took 0.064857 seconds .

========================================================================
Received Import Request.
  Time since last request: 1.546672 seconds.
  path: Assets/Materials/Textures/Tutorial5.png
  artifactKey: Guid(b96479e0c66c35a4f85fe847bb8a64b3) Importer(815301076,1909f56bfc062723c751e8b465ee728b)
Start importing Assets/Materials/Textures/Tutorial5.png using Guid(b96479e0c66c35a4f85fe847bb8a64b3) Importer(815301076,1909f56bfc062723c751e8b465ee728b)  -> (artifact id: '24b462635e4a0ec50546781890e79f96') in 0.050334 seconds
  Import took 0.066270 seconds .

========================================================================
Received Import Request.
  Time since last request: 1.170523 seconds.
  path: Assets/Materials/Textures/Tutorial6.png
  artifactKey: Guid(5c4ce3756e8ea2847bfcbc7ce9600bfb) Importer(815301076,1909f56bfc062723c751e8b465ee728b)
Start importing Assets/Materials/Textures/Tutorial6.png using Guid(5c4ce3756e8ea2847bfcbc7ce9600bfb) Importer(815301076,1909f56bfc062723c751e8b465ee728b)  -> (artifact id: '585fd6bb102e046aa519df060441316b') in 0.049895 seconds
  Import took 0.136455 seconds .

========================================================================
Received Import Request.
  Time since last request: 0.574945 seconds.
  path: Assets/Materials/Textures/Tutorial7.png
  artifactKey: Guid(8d4f475c56e4b284593f99aa1ab05ced) Importer(815301076,1909f56bfc062723c751e8b465ee728b)
Start importing Assets/Materials/Textures/Tutorial7.png using Guid(8d4f475c56e4b284593f99aa1ab05ced) Importer(815301076,1909f56bfc062723c751e8b465ee728b)  -> (artifact id: '2fc7403989a55d6b7cd69673ae7c01d7') in 0.041241 seconds
  Import took 0.065522 seconds .

========================================================================
Received Import Request.
  Time since last request: 90.901876 seconds.
  path: Assets/Materials/Textures/Tutorial7.png
  artifactKey: Guid(8d4f475c56e4b284593f99aa1ab05ced) Importer(815301076,1909f56bfc062723c751e8b465ee728b)
Start importing Assets/Materials/Textures/Tutorial7.png using Guid(8d4f475c56e4b284593f99aa1ab05ced) Importer(815301076,1909f56bfc062723c751e8b465ee728b)  -> (artifact id: '937088b3d00c9ae61a30c2ba93ae964e') in 0.039864 seconds
  Import took 0.053346 seconds .

========================================================================
Received Import Request.
  Time since last request: 0.004831 seconds.
  path: Assets/Materials/Textures/Tutorial7.png
  artifactKey: Guid(8d4f475c56e4b284593f99aa1ab05ced) Importer(815301076,1909f56bfc062723c751e8b465ee728b)
Start importing Assets/Materials/Textures/Tutorial7.png using Guid(8d4f475c56e4b284593f99aa1ab05ced) Importer(815301076,1909f56bfc062723c751e8b465ee728b)  -> (artifact id: '937088b3d00c9ae61a30c2ba93ae964e') in 0.019362 seconds
  Import took 0.024639 seconds .

